Arguments: 
  /usr/bin/node /usr/share/yarn/bin/yarn.js install --no-lockfile

PATH: 
  /var/opt/rails/bin:/var/opt/httpserver/bin:/var/opt/atom/bin:/var/opt/shotgun/bin:/var/opt/rackup/bin:/var/opt/jekyll/bin:/usr/local/rvm/gems/ruby-2.3.1/bin:/usr/local/rvm/gems/ruby-2.3.1@global/bin:/usr/local/rvm/rubies/ruby-2.3.1/bin:/usr/local/sbin:/usr/local/bin:/usr/sbin:/usr/bin:/sbin:/bin:/usr/local/rvm/bin

Yarn version: 
  1.13.0

Node version: 
  8.15.0

Platform: 
  linux x64

Trace: 
  Error: https://registry.yarnpkg.com/@sinonjs/samsam/-/samsam-2.1.3.tgz: Request failed "500 Internal Server Error"
      at ResponseError.ExtendableBuiltin (/usr/share/yarn/lib/cli.js:702:66)
      at new ResponseError (/usr/share/yarn/lib/cli.js:808:124)
      at Request.<anonymous> (/usr/share/yarn/lib/cli.js:66325:16)
      at emitOne (events.js:116:13)
      at Request.emit (events.js:211:7)
      at Request.module.exports.Request.onRequestResponse (/usr/share/yarn/lib/cli.js:130274:10)
      at emitOne (events.js:116:13)
      at ClientRequest.emit (events.js:211:7)
      at HTTPParser.parserOnIncomingClient (_http_client.js:558:21)
      at HTTPParser.parserOnHeadersComplete (_http_common.js:119:17)

npm manifest: 
  {
    "name": "crud-lab",
    "version": "0.1.0",
    "private": true,
    "babel": {
      "presets": [
        "airbnb",
        "env",
        "stage-0",
        "react"
      ]
    },
    "devDependencies": {
      "jsdom": "^9.9.1",
      "mocha": "^5.2.0",
      "react-scripts": "1.1.4",
      "webpack": "^3.6.0",
      "webpack-dev-server": "^2.9.2"
    },
    "dependencies": {
      "babel-core": "^6.26.3",
      "babel-preset-airbnb": "^2.1.1",
      "babel-preset-env": "^1.7.0",
      "babel-preset-react": "^6.22.0",
      "babel-preset-stage-0": "^6.22.0",
      "chai": "^4.1.2",
      "cuid": "^1.3.8",
      "enzyme": "^3.3.0",
      "enzyme-adapter-react-16": "^1.1.1",
      "mocha-multi": "^1.0.1",
      "react": "^16.4.1",
      "react-dom": "^16.4.1",
      "react-redux": "^5.0.7",
      "redux": "^4.0.0",
      "sinon": "^6.1.4"
    },
    "scripts": {
      "start": "react-scripts start",
      "build": "react-scripts build",
      "test": "mocha -w test/helpers/browser.js test/*.js",
      "eject": "react-scripts eject"
    }
  }

yarn manifest: 
  No manifest

Lockfile: 
  No lockfile
